<?xml version="1.0" encoding="UTF-8"?>
<!-- Generated by org.testng.reporters.JUnitReportReporter -->
<testsuite hostname="LAPTOP-ERULA4R5" failures="0" tests="1" name="com.crm.vtigerE4.TestScript1" time="6.369" errors="0" timestamp="2024-12-03T20:46:32 IST" skipped="0">
  <testcase classname="com.crm.vtigerE4.TestScript1" name="verification" time="6.369"/>
</testsuite> <!-- com.crm.vtigerE4.TestScript1 -->
